c:\users\dickens\desktop\projekty cpp\horwat_arkadiusz_gr1_bd\bazadanych\bazadanych\debug\bazadanych.pch
c:\users\dickens\desktop\projekty cpp\horwat_arkadiusz_gr1_bd\bazadanych\bazadanych\debug\vc141.pdb
c:\users\dickens\desktop\projekty cpp\horwat_arkadiusz_gr1_bd\bazadanych\bazadanych\debug\vc141.idb
c:\users\dickens\desktop\projekty cpp\horwat_arkadiusz_gr1_bd\bazadanych\bazadanych\debug\pch.obj
c:\users\dickens\desktop\projekty cpp\horwat_arkadiusz_gr1_bd\bazadanych\bazadanych\debug\student.obj
c:\users\dickens\desktop\projekty cpp\horwat_arkadiusz_gr1_bd\bazadanych\bazadanych\debug\bazadanych.obj
c:\users\dickens\desktop\projekty cpp\horwat_arkadiusz_gr1_bd\bazadanych\bazadanych\debug\dane.obj
c:\users\dickens\desktop\projekty cpp\horwat_arkadiusz_gr1_bd\bazadanych\debug\bazadanych.ilk
c:\users\dickens\desktop\projekty cpp\horwat_arkadiusz_gr1_bd\bazadanych\debug\bazadanych.exe
c:\users\dickens\desktop\projekty cpp\horwat_arkadiusz_gr1_bd\bazadanych\debug\bazadanych.pdb
c:\users\dickens\desktop\projekty cpp\horwat_arkadiusz_gr1_bd\bazadanych\bazadanych\debug\bazadanych.tlog\cl.command.1.tlog
c:\users\dickens\desktop\projekty cpp\horwat_arkadiusz_gr1_bd\bazadanych\bazadanych\debug\bazadanych.tlog\cl.read.1.tlog
c:\users\dickens\desktop\projekty cpp\horwat_arkadiusz_gr1_bd\bazadanych\bazadanych\debug\bazadanych.tlog\cl.write.1.tlog
c:\users\dickens\desktop\projekty cpp\horwat_arkadiusz_gr1_bd\bazadanych\bazadanych\debug\bazadanych.tlog\link-cvtres.read.1.tlog
c:\users\dickens\desktop\projekty cpp\horwat_arkadiusz_gr1_bd\bazadanych\bazadanych\debug\bazadanych.tlog\link-cvtres.write.1.tlog
c:\users\dickens\desktop\projekty cpp\horwat_arkadiusz_gr1_bd\bazadanych\bazadanych\debug\bazadanych.tlog\link-rc.read.1.tlog
c:\users\dickens\desktop\projekty cpp\horwat_arkadiusz_gr1_bd\bazadanych\bazadanych\debug\bazadanych.tlog\link-rc.write.1.tlog
c:\users\dickens\desktop\projekty cpp\horwat_arkadiusz_gr1_bd\bazadanych\bazadanych\debug\bazadanych.tlog\link.6932-cvtres.read.1.tlog
c:\users\dickens\desktop\projekty cpp\horwat_arkadiusz_gr1_bd\bazadanych\bazadanych\debug\bazadanych.tlog\link.6932-cvtres.write.1.tlog
c:\users\dickens\desktop\projekty cpp\horwat_arkadiusz_gr1_bd\bazadanych\bazadanych\debug\bazadanych.tlog\link.6932-rc.read.1.tlog
c:\users\dickens\desktop\projekty cpp\horwat_arkadiusz_gr1_bd\bazadanych\bazadanych\debug\bazadanych.tlog\link.6932-rc.write.1.tlog
c:\users\dickens\desktop\projekty cpp\horwat_arkadiusz_gr1_bd\bazadanych\bazadanych\debug\bazadanych.tlog\link.6932.read.1.tlog
c:\users\dickens\desktop\projekty cpp\horwat_arkadiusz_gr1_bd\bazadanych\bazadanych\debug\bazadanych.tlog\link.6932.write.1.tlog
c:\users\dickens\desktop\projekty cpp\horwat_arkadiusz_gr1_bd\bazadanych\bazadanych\debug\bazadanych.tlog\link.command.1.tlog
c:\users\dickens\desktop\projekty cpp\horwat_arkadiusz_gr1_bd\bazadanych\bazadanych\debug\bazadanych.tlog\link.read.1.tlog
c:\users\dickens\desktop\projekty cpp\horwat_arkadiusz_gr1_bd\bazadanych\bazadanych\debug\bazadanych.tlog\link.write.1.tlog
